# JRE version: OpenJDK Runtime Environment (8.0_342-b07) (build 1.8.0_342-8u342-b07-0ubuntu1~20.04-b07)
# Java VM: OpenJDK 64-Bit Server VM (25.342-b07 mixed mode linux-amd64 compressed oops)
Heap:
 PSYoungGen      total 186368K, used 41272K [0x00000000eab00000, 0x00000000fc480000, 0x0000000100000000)
  eden space 164352K, 19% used [0x00000000eab00000,0x00000000eca90c28,0x00000000f4b80000)
  from space 22016K, 40% used [0x00000000f4b80000,0x00000000f543d6a0,0x00000000f6100000)
  to   space 22016K, 0% used [0x00000000faf00000,0x00000000faf00000,0x00000000fc480000)
 ParOldGen       total 297984K, used 31727K [0x00000000c0000000, 0x00000000d2300000, 0x00000000eab00000)
  object space 297984K, 10% used [0x00000000c0000000,0x00000000c1efbea8,0x00000000d2300000)
 Metaspace       used 99340K, capacity 111230K, committed 111232K, reserved 1144832K
  class space    used 14160K, capacity 15232K, committed 15232K, reserved 1048576K
GC Heap History (10 events):
Event: 8.002 GC heap before
{Heap before GC invocations=11 (full 3):
 PSYoungGen      total 131072K, used 131044K [0x00000000eab00000, 0x00000000f5b00000, 0x0000000100000000)
  eden space 115200K, 100% used [0x00000000eab00000,0x00000000f1b80000,0x00000000f1b80000)
  from space 15872K, 99% used [0x00000000f1b80000,0x00000000f2af9048,0x00000000f2b00000)
  to   space 18432K, 0% used [0x00000000f4900000,0x00000000f4900000,0x00000000f5b00000)
 ParOldGen       total 269824K, used 27058K [0x00000000c0000000, 0x00000000d0780000, 0x00000000eab00000)
  object space 269824K, 10% used [0x00000000c0000000,0x00000000c1a6c9e8,0x00000000d0780000)
 Metaspace       used 80978K, capacity 86638K, committed 86784K, reserved 1124352K
  class space    used 11204K, capacity 11658K, committed 11776K, reserved 1048576K
Event: 8.032 GC heap after
Heap after GC invocations=11 (full 3):
 PSYoungGen      total 161280K, used 15003K [0x00000000eab00000, 0x00000000f5c80000, 0x0000000100000000)
  eden space 142848K, 0% used [0x00000000eab00000,0x00000000eab00000,0x00000000f3680000)
  from space 18432K, 81% used [0x00000000f4900000,0x00000000f57a6df8,0x00000000f5b00000)
  to   space 18944K, 0% used [0x00000000f3680000,0x00000000f3680000,0x00000000f4900000)
 ParOldGen       total 269824K, used 27066K [0x00000000c0000000, 0x00000000d0780000, 0x00000000eab00000)
  object space 269824K, 10% used [0x00000000c0000000,0x00000000c1a6e9e8,0x00000000d0780000)
 Metaspace       used 80978K, capacity 86638K, committed 86784K, reserved 1124352K
  class space    used 11204K, capacity 11658K, committed 11776K, reserved 1048576K
}
Event: 10.277 GC heap before
{Heap before GC invocations=12 (full 3):
 PSYoungGen      total 161280K, used 157851K [0x00000000eab00000, 0x00000000f5c80000, 0x0000000100000000)
  eden space 142848K, 100% used [0x00000000eab00000,0x00000000f3680000,0x00000000f3680000)
  from space 18432K, 81% used [0x00000000f4900000,0x00000000f57a6df8,0x00000000f5b00000)
  to   space 18944K, 0% used [0x00000000f3680000,0x00000000f3680000,0x00000000f4900000)
 ParOldGen       total 269824K, used 27066K [0x00000000c0000000, 0x00000000d0780000, 0x00000000eab00000)
  object space 269824K, 10% used [0x00000000c0000000,0x00000000c1a6e9e8,0x00000000d0780000)
 Metaspace       used 90894K, capacity 98498K, committed 98600K, reserved 1134592K
  class space    used 12632K, capacity 13138K, committed 13184K, reserved 1048576K
Event: 10.305 GC heap after
Heap after GC invocations=12 (full 3):
 PSYoungGen      total 161792K, used 18913K [0x00000000eab00000, 0x00000000f7700000, 0x0000000100000000)
  eden space 142848K, 0% used [0x00000000eab00000,0x00000000eab00000,0x00000000f3680000)
  from space 18944K, 99% used [0x00000000f3680000,0x00000000f48f84c8,0x00000000f4900000)
  to   space 22528K, 0% used [0x00000000f6100000,0x00000000f6100000,0x00000000f7700000)
 ParOldGen       total 269824K, used 30190K [0x00000000c0000000, 0x00000000d0780000, 0x00000000eab00000)
  object space 269824K, 11% used [0x00000000c0000000,0x00000000c1d7b9d8,0x00000000d0780000)
 Metaspace       used 90894K, capacity 98498K, committed 98600K, reserved 1134592K
  class space    used 12632K, capacity 13138K, committed 13184K, reserved 1048576K
}
Event: 10.311 GC heap before
{Heap before GC invocations=13 (full 3):
 PSYoungGen      total 161792K, used 21669K [0x00000000eab00000, 0x00000000f7700000, 0x0000000100000000)
  eden space 142848K, 1% used [0x00000000eab00000,0x00000000eadb1050,0x00000000f3680000)
  from space 18944K, 99% used [0x00000000f3680000,0x00000000f48f84c8,0x00000000f4900000)
  to   space 22528K, 0% used [0x00000000f6100000,0x00000000f6100000,0x00000000f7700000)
 ParOldGen       total 269824K, used 30190K [0x00000000c0000000, 0x00000000d0780000, 0x00000000eab00000)
  object space 269824K, 11% used [0x00000000c0000000,0x00000000c1d7b9d8,0x00000000d0780000)
 Metaspace       used 90914K, capacity 98498K, committed 98600K, reserved 1134592K
  class space    used 12637K, capacity 13138K, committed 13184K, reserved 1048576K
Event: 10.330 GC heap after
Heap after GC invocations=13 (full 3):
 PSYoungGen      total 186880K, used 15106K [0x00000000eab00000, 0x00000000fa700000, 0x0000000100000000)
  eden space 164352K, 0% used [0x00000000eab00000,0x00000000eab00000,0x00000000f4b80000)
  from space 22528K, 67% used [0x00000000f6100000,0x00000000f6fc0b40,0x00000000f7700000)
  to   space 22016K, 0% used [0x00000000f4b80000,0x00000000f4b80000,0x00000000f6100000)
 ParOldGen       total 269824K, used 30198K [0x00000000c0000000, 0x00000000d0780000, 0x00000000eab00000)
  object space 269824K, 11% used [0x00000000c0000000,0x00000000c1d7d9d8,0x00000000d0780000)
 Metaspace       used 90914K, capacity 98498K, committed 98600K, reserved 1134592K
  class space    used 12637K, capacity 13138K, committed 13184K, reserved 1048576K
}
Event: 10.330 GC heap before
{Heap before GC invocations=14 (full 4):
 PSYoungGen      total 186880K, used 15106K [0x00000000eab00000, 0x00000000fa700000, 0x0000000100000000)
  eden space 164352K, 0% used [0x00000000eab00000,0x00000000eab00000,0x00000000f4b80000)
  from space 22528K, 67% used [0x00000000f6100000,0x00000000f6fc0b40,0x00000000f7700000)
  to   space 22016K, 0% used [0x00000000f4b80000,0x00000000f4b80000,0x00000000f6100000)
 ParOldGen       total 269824K, used 30198K [0x00000000c0000000, 0x00000000d0780000, 0x00000000eab00000)
  object space 269824K, 11% used [0x00000000c0000000,0x00000000c1d7d9d8,0x00000000d0780000)
 Metaspace       used 90914K, capacity 98498K, committed 98600K, reserved 1134592K
  class space    used 12637K, capacity 13138K, committed 13184K, reserved 1048576K
Event: 10.463 GC heap after
Heap after GC invocations=14 (full 4):
 PSYoungGen      total 186880K, used 0K [0x00000000eab00000, 0x00000000fa700000, 0x0000000100000000)
  eden space 164352K, 0% used [0x00000000eab00000,0x00000000eab00000,0x00000000f4b80000)
  from space 22528K, 0% used [0x00000000f6100000,0x00000000f6100000,0x00000000f7700000)
  to   space 22016K, 0% used [0x00000000f4b80000,0x00000000f4b80000,0x00000000f6100000)
 ParOldGen       total 297984K, used 31719K [0x00000000c0000000, 0x00000000d2300000, 0x00000000eab00000)
  object space 297984K, 10% used [0x00000000c0000000,0x00000000c1ef9ea8,0x00000000d2300000)
 Metaspace       used 90914K, capacity 98498K, committed 98600K, reserved 1134592K
  class space    used 12637K, capacity 13138K, committed 13184K, reserved 1048576K
}
Event: 11.708 GC heap before
{Heap before GC invocations=15 (full 4):
 PSYoungGen      total 186880K, used 164352K [0x00000000eab00000, 0x00000000fa700000, 0x0000000100000000)
  eden space 164352K, 100% used [0x00000000eab00000,0x00000000f4b80000,0x00000000f4b80000)
  from space 22528K, 0% used [0x00000000f6100000,0x00000000f6100000,0x00000000f7700000)
  to   space 22016K, 0% used [0x00000000f4b80000,0x00000000f4b80000,0x00000000f6100000)
 ParOldGen       total 297984K, used 31719K [0x00000000c0000000, 0x00000000d2300000, 0x00000000eab00000)
  object space 297984K, 10% used [0x00000000c0000000,0x00000000c1ef9ea8,0x00000000d2300000)
 Metaspace       used 98270K, capacity 109286K, committed 109440K, reserved 1144832K
  class space    used 13924K, capacity 14868K, committed 14976K, reserved 1048576K
Event: 11.724 GC heap after
Heap after GC invocations=15 (full 4):
 PSYoungGen      total 186368K, used 8949K [0x00000000eab00000, 0x00000000fc480000, 0x0000000100000000)
  eden space 164352K, 0% used [0x00000000eab00000,0x00000000eab00000,0x00000000f4b80000)
  from space 22016K, 40% used [0x00000000f4b80000,0x00000000f543d6a0,0x00000000f6100000)
  to   space 22016K, 0% used [0x00000000faf00000,0x00000000faf00000,0x00000000fc480000)
 ParOldGen       total 297984K, used 31727K [0x00000000c0000000, 0x00000000d2300000, 0x00000000eab00000)
  object space 297984K, 10% used [0x00000000c0000000,0x00000000c1efbea8,0x00000000d2300000)
 Metaspace       used 98270K, capacity 109286K, committed 109440K, reserved 1144832K
  class space    used 13924K, capacity 14868K, committed 14976K, reserved 1048576K
}

